Thundurus Thunder из команды красных вступает в бой!
Happiny Happy из команды синих вступает в бой!
Thundurus Thunder использует Flash Cannon.
Happiny Happy теряет 18 здоровья.

Happiny Happy использует Thunder Wave.

Thundurus Thunder использует Sludge Wave.
Happiny Happy теряет 13 здоровья.
Happiny Happy отравлен
Happiny Happy теряет сознание.
Chansey Chan из команды синих вступает в бой!
Thundurus Thunder использует Crunch.
Chansey Chan теряет 28 здоровья.

Chansey Chan использует Psychic.
Thundurus Thunder теряет 5 здоровья.

Thundurus Thunder использует Sludge Wave.
Chansey Chan теряет 13 здоровья.

Chansey Chan использует Thunder Wave.

Thundurus Thunder использует Crunch.
Критический удар!
Chansey Chan теряет 31 здоровья.
Chansey Chan уменьшает защиту.
Chansey Chan теряет сознание.
Blissey Bliss из команды синих вступает в бой!
Thundurus Thunder использует Sludge Wave.
Blissey Bliss теряет 10 здоровья.

Blissey Bliss использует Psychic.
Thundurus Thunder теряет 10 здоровья.

Thundurus Thunder использует Thunder Wave.
Blissey Bliss парализован

Blissey Bliss промахивается

Thundurus Thunder использует Sludge Wave.
Blissey Bliss теряет 7 здоровья.
Blissey Bliss отравлен


Blissey Bliss теряет 9 здоровья.
Thundurus Thunder использует Flash Cannon.
Blissey Bliss теряет 6 здоровья.

Blissey Bliss использует Psychic.
Thundurus Thunder теряет 12 здоровья.

Blissey Bliss теряет 9 здоровья.
Thundurus Thunder использует Thunder Wave.
Blissey Bliss парализован

Blissey Bliss использует Psychic.
Критический удар!
Thundurus Thunder теряет 15 здоровья.
Thundurus Thunder теряет сознание.
Patrat Rat из команды красных вступает в бой!
Blissey Bliss использует Thunder Wave.
Patrat Rat парализован

Patrat Rat использует Swagger.
Blissey Bliss увеличивает атаку.

Patrat Rat использует Swagger.
Blissey Bliss увеличивает атаку.

Blissey Bliss использует Psychic.
Критический удар!
Patrat Rat теряет 27 здоровья.
Patrat Rat теряет сознание.
Watchog Dog из команды красных вступает в бой!
Blissey Bliss растерянно попадает по себе.
Blissey Bliss теряет 5 здоровья.

Watchog Dog промахивается

Blissey Bliss промахивается

Watchog Dog промахивается

Watchog Dog использует Thunder Wave.


Watchog Dog промахивается


Blissey Bliss использует Psychic.
Критический удар!
Watchog Dog теряет 29 здоровья.
Watchog Dog теряет сознание.
В команде красных не осталось покемонов.
Команда синих побеждает в этом бою!
